#
# A fatal error has been detected by the Java Runtime Environment:
#
#  SIGSEGV (0xb) at pc=0x00007fff9cad2a07, pid=11470, tid=0x000000000000ae1b
#
# JRE version: Java(TM) SE Runtime Environment (8.0_121-b13) (build 1.8.0_121-b13)
# Java VM: Java HotSpot(TM) 64-Bit Server VM (25.121-b13 mixed mode bsd-amd64 compressed oops)
# Problematic frame:
# C  [libGL.dylib+0x1a07]  glGetError+0xd
#
# Failed to write core dump. Core dumps have been disabled. To enable core dumping, try "ulimit -c unlimited" before starting Java again
#
# If you would like to submit a bug report, please visit:
#   http://bugreport.java.com/bugreport/crash.jsp
# The crash happened outside the Java Virtual Machine in native code.
# See problematic frame for where to report the bug.
#

---------------  T H R E A D  ---------------

Current thread (0x00007fe0751bc000):  JavaThread "GAME_THREAD" [_thread_in_native, id=44571, stack(0x0000700001150000,0x0000700001250000)]

siginfo: si_signo: 11 (SIGSEGV), si_code: 1 (SEGV_MAPERR), si_addr: 0x0000000000000000

Registers:
RAX=0x0000000000000000, RBX=0x0000000122531b90, RCX=0x000000010d1de370, RDX=0x00007fff9cad29fa
RSP=0x000070000124f6d0, RBP=0x000070000124f6d0, RSI=0x000070000124f740, RDI=0x00007fe0751bc1f8
R8 =0x00000000fffffffc, R9 =0x000000010d1f21b8, R10=0x000000010e2179c8, R11=0x000000010cea0067
R12=0x0000000000000000, R13=0x0000000122531b90, R14=0x000070000124f758, R15=0x00007fe0751bc000
RIP=0x00007fff9cad2a07, EFLAGS=0x0000000000010246, ERR=0x0000000000000004
  TRAPNO=0x000000000000000e

Top of Stack: (sp=0x000070000124f6d0)
0x000070000124f6d0:   000070000124f730 000000010e2179f4
0x000070000124f6e0:   000000010e2239a3 000000010e217742
0x000070000124f6f0:   000070000124f6f0 0000000122531b90
0x000070000124f700:   000070000124f758 000000012254e370
0x000070000124f710:   0000000000000000 0000000122531b90
0x000070000124f720:   0000000000000000 000070000124f750
0x000070000124f730:   000070000124f7a0 000000010e207d00
0x000070000124f740:   0000000795cfe368 000000010e211536
0x000070000124f750:   00007fff9cad29fa 0000000795fa8140
0x000070000124f760:   000070000124f760 0000000122578134
0x000070000124f770:   000070000124f868 0000000122579868
0x000070000124f780:   0000000000000000 0000000122578698
0x000070000124f790:   000070000124f750 000070000124f868
0x000070000124f7a0:   000070000124f8b0 000000010e208040
0x000070000124f7b0:   0000000000000000 0000000000000000
0x000070000124f7c0:   0000000000000000 0000000000000000
0x000070000124f7d0:   0000000000000000 0000000000000000
0x000070000124f7e0:   0000000000000000 0000000000000000
0x000070000124f7f0:   0000000000000000 0000000000000000
0x000070000124f800:   0000000000000000 0000000000000000
0x000070000124f810:   0000000000000000 0000000000000000
0x000070000124f820:   0000000000000000 0000000000000000
0x000070000124f830:   00007fff9cad2a35 0000000000000000
0x000070000124f840:   00007fff9cad2c21 0000000000000000
0x000070000124f850:   00007fff9cad29fa 0000000000000000
0x000070000124f860:   0000000000000000 0000000000000000
0x000070000124f870:   000070000124f870 0000000122578059
0x000070000124f880:   000070000124f8b8 0000000122579868
0x000070000124f890:   0000000000000000 0000000122578068
0x000070000124f8a0:   000070000124f868 000070000124f8c0
0x000070000124f8b0:   000070000124f900 000000010e208040
0x000070000124f8c0:   000070000124f8c0 0000000122575690 

Instructions: (pc=0x00007fff9cad2a07)
0x00007fff9cad29e7:   00 48 8b 82 30 03 00 00 48 8b 3a 89 ce 4c 89 c2
0x00007fff9cad29f7:   5d ff e0 55 48 89 e5 65 48 8b 04 25 f0 00 00 00
0x00007fff9cad2a07:   48 8b 38 5d ff a0 38 03 00 00 55 48 89 e5 49 89
0x00007fff9cad2a17:   f0 89 f9 65 48 8b 14 25 f0 00 00 00 48 8b 82 40 

Register to memory mapping:

RAX=0x0000000000000000 is an unknown value
RBX={method} {0x0000000122531b90} 'callI' '(J)I' in 'org/lwjgl/system/JNI'
RCX=0x000000010d1de370: UseMembar+0 in /Library/Java/JavaVirtualMachines/jdk1.8.0_121.jdk/Contents/Home/jre/lib/server/libjvm.dylib at 0x000000010c9bc000
RDX=0x00007fff9cad29fa: glGetError+0 in /System/Library/Frameworks/OpenGL.framework/Versions/A/Libraries/libGL.dylib at 0x00007fff9cad1000
RSP=0x000070000124f6d0 is pointing into the stack for thread: 0x00007fe0751bc000
RBP=0x000070000124f6d0 is pointing into the stack for thread: 0x00007fe0751bc000
RSI=0x000070000124f740 is pointing into the stack for thread: 0x00007fe0751bc000
RDI=0x00007fe0751bc1f8 is an unknown value
R8 =0x00000000fffffffc is an unknown value
R9 =0x000000010d1f21b8: _ZL8tc_mutex+0x18 in /Library/Java/JavaVirtualMachines/jdk1.8.0_121.jdk/Contents/Home/jre/lib/server/libjvm.dylib at 0x000000010c9bc000
R10=0x000000010e2179c8 is at code_begin+808 in an Interpreter codelet
method entry point (kind = native)  [0x000000010e2176a0, 0x000000010e217fa0]  2304 bytes
R11=0x000000010cea0067: throw_unsatisfied_link_error+0 in /Library/Java/JavaVirtualMachines/jdk1.8.0_121.jdk/Contents/Home/jre/lib/server/libjvm.dylib at 0x000000010c9bc000
R12=0x0000000000000000 is an unknown value
R13={method} {0x0000000122531b90} 'callI' '(J)I' in 'org/lwjgl/system/JNI'
R14=0x000070000124f758 is pointing into the stack for thread: 0x00007fe0751bc000
R15=0x00007fe0751bc000 is a thread


Stack: [0x0000700001150000,0x0000700001250000],  sp=0x000070000124f6d0,  free space=1021k
Native frames: (J=compiled Java code, j=interpreted, Vv=VM code, C=native code)
C  [libGL.dylib+0x1a07]  glGetError+0xd
j  org.lwjgl.system.JNI.callI(J)I+0
j  org.lwjgl.opengl.GL.createCapabilities(Z)Lorg/lwjgl/opengl/GLCapabilities;+68
j  org.lwjgl.opengl.GL.createCapabilities()Lorg/lwjgl/opengl/GLCapabilities;+1
j  engine.Engine.run()V+0
j  java.lang.Thread.run()V+11
v  ~StubRoutines::call_stub
V  [libjvm.dylib+0x2ed9d6]
V  [libjvm.dylib+0x2ee164]
V  [libjvm.dylib+0x2ee310]
V  [libjvm.dylib+0x348a5d]
V  [libjvm.dylib+0x56ab0f]
V  [libjvm.dylib+0x56c1fc]
V  [libjvm.dylib+0x48a5b2]
C  [libsystem_pthread.dylib+0x399d]  _pthread_body+0x83
C  [libsystem_pthread.dylib+0x391a]  _pthread_body+0x0
C  [libsystem_pthread.dylib+0x1351]  thread_start+0xd
C  0x0000000000000000

Java frames: (J=compiled Java code, j=interpreted, Vv=VM code)
j  org.lwjgl.system.JNI.callI(J)I+0
j  org.lwjgl.opengl.GL.createCapabilities(Z)Lorg/lwjgl/opengl/GLCapabilities;+68
j  org.lwjgl.opengl.GL.createCapabilities()Lorg/lwjgl/opengl/GLCapabilities;+1
j  engine.Engine.run()V+0
j  java.lang.Thread.run()V+11
v  ~StubRoutines::call_stub

---------------  P R O C E S S  ---------------

Java Threads: ( => current thread )
  0x00007fe0751bf800 JavaThread "DestroyJavaVM" [_thread_blocked, id=2571, stack(0x00007fff52cc0000,0x00007fff534c0000)]
=>0x00007fe0751bc000 JavaThread "GAME_THREAD" [_thread_in_native, id=44571, stack(0x0000700001150000,0x0000700001250000)]
  0x00007fe0739e8800 JavaThread "Monitor Ctrl-Break" daemon [_thread_in_native, id=19203, stack(0x0000700000f47000,0x0000700001047000)]
  0x00007fe074821000 JavaThread "Service Thread" daemon [_thread_blocked, id=18179, stack(0x0000700000d41000,0x0000700000e41000)]
  0x00007fe073893000 JavaThread "C1 CompilerThread2" daemon [_thread_in_native, id=17667, stack(0x0000700000c3e000,0x0000700000d3e000)]
  0x00007fe07381a000 JavaThread "C2 CompilerThread1" daemon [_thread_in_native, id=17155, stack(0x0000700000b3b000,0x0000700000c3b000)]
  0x00007fe073819800 JavaThread "C2 CompilerThread0" daemon [_thread_blocked, id=16643, stack(0x0000700000a38000,0x0000700000b38000)]
  0x00007fe07502b800 JavaThread "Signal Dispatcher" daemon [_thread_blocked, id=13327, stack(0x0000700000935000,0x0000700000a35000)]
  0x00007fe073815800 JavaThread "Finalizer" daemon [_thread_blocked, id=12803, stack(0x000070000072c000,0x000070000082c000)]
  0x00007fe07380f000 JavaThread "Reference Handler" daemon [_thread_blocked, id=12291, stack(0x0000700000629000,0x0000700000729000)]

Other Threads:
  0x00007fe07504f000 VMThread [stack: 0x0000700000526000,0x0000700000626000] [id=11779]
  0x00007fe074823000 WatcherThread [stack: 0x0000700000e44000,0x0000700000f44000] [id=18691]

VM state:not at safepoint (normal execution)

VM Mutex/Monitor currently owned by a thread: None

Heap:
 PSYoungGen      total 38400K, used 10658K [0x0000000795580000, 0x0000000798000000, 0x00000007c0000000)
  eden space 33280K, 32% used [0x0000000795580000,0x0000000795fe8938,0x0000000797600000)
  from space 5120K, 0% used [0x0000000797b00000,0x0000000797b00000,0x0000000798000000)
  to   space 5120K, 0% used [0x0000000797600000,0x0000000797600000,0x0000000797b00000)
 ParOldGen       total 87552K, used 0K [0x0000000740000000, 0x0000000745580000, 0x0000000795580000)
  object space 87552K, 0% used [0x0000000740000000,0x0000000740000000,0x0000000745580000)
 Metaspace       used 5770K, capacity 5932K, committed 6144K, reserved 1056768K
  class space    used 619K, capacity 700K, committed 768K, reserved 1048576K

Card table byte_map: [0x000000011d5c0000,0x000000011d9c1000] byte_map_base: 0x0000000119bc0000

Marking Bits: (ParMarkBitMap*) 0x000000010d2acd30
 Begin Bits: [0x000000011dc6c000, 0x000000011fc6c000)
 End Bits:   [0x000000011fc6c000, 0x0000000121c6c000)

Polling page: 0x000000010d9a6000

CodeCache: size=245760Kb used=2298Kb max_used=2310Kb free=243461Kb
 bounds [0x000000010e200000, 0x000000010e470000, 0x000000011d200000]
 total_blobs=1135 nmethods=456 adapters=593
 compilation: enabled

Compilation events (10 events):
Event: 0.794 Thread 0x00007fe073893000  453       3       java.nio.Bits::byteOrder (20 bytes)
Event: 0.795 Thread 0x00007fe073893000 nmethod 453 0x000000010e439910 code [0x000000010e439a80, 0x000000010e439bd0]
Event: 0.797 Thread 0x00007fe073819800 nmethod 447 0x000000010e4400d0 code [0x000000010e440320, 0x000000010e441420]
Event: 0.905 Thread 0x00007fe073893000  454       3       java.lang.String::concat (47 bytes)
Event: 0.905 Thread 0x00007fe07381a000  456   !   4       sun.misc.URLClassPath$JarLoader::getResource (85 bytes)
Event: 0.928 Thread 0x00007fe073819800  459       4       java.util.Arrays::copyOf (19 bytes)
Event: 0.930 Thread 0x00007fe073819800 nmethod 459 0x000000010e437dd0 code [0x000000010e437f20, 0x000000010e438118]
Event: 0.930 Thread 0x00007fe073819800  460       4       java.lang.CharacterData::of (120 bytes)
Event: 0.931 Thread 0x00007fe073819800 nmethod 460 0x000000010e43e710 code [0x000000010e43e860, 0x000000010e43e8d8]
Event: 0.940 Thread 0x00007fe073819800  463 %     4       java.io.UnixFileSystem::normalize @ 10 (75 bytes)

GC Heap History (0 events):
No events

Deoptimization events (2 events):
Event: 0.378 Thread 0x00007fe074814000 Uncommon trap: reason=unstable_if action=reinterpret pc=0x000000010e3309f8 method=java.lang.String.indexOf(II)I @ 49
Event: 0.410 Thread 0x00007fe074814000 Uncommon trap: reason=unstable_if action=reinterpret pc=0x000000010e308fa8 method=java.lang.String.hashCode()I @ 14

Internal exceptions (10 events):
Event: 0.528 Thread 0x00007fe074814000 Exception <a 'java/security/PrivilegedActionException'> (0x0000000795a7f1a8) thrown at [/Users/java_re/workspace/8-2-build-macosx-x86_64/jdk8u121/8372/hotspot/src/share/vm/prims/jvm.cpp, line 1390]
Event: 0.607 Thread 0x00007fe074814000 Exception <a 'java/lang/NoSuchFieldError': method resolution failed> (0x0000000795b6e0a0) thrown at [/Users/java_re/workspace/8-2-build-macosx-x86_64/jdk8u121/8372/hotspot/src/share/vm/prims/methodHandles.cpp, line 1146]
Event: 0.610 Thread 0x00007fe074814000 Exception <a 'java/lang/NoSuchFieldError': method resolution failed> (0x0000000795b7b7f0) thrown at [/Users/java_re/workspace/8-2-build-macosx-x86_64/jdk8u121/8372/hotspot/src/share/vm/prims/methodHandles.cpp, line 1146]
Event: 0.788 Thread 0x00007fe074814000 Exception <a 'sun/nio/fs/UnixException'> (0x0000000795dec4b8) thrown at [/Users/java_re/workspace/8-2-build-macosx-x86_64/jdk8u121/8372/hotspot/src/share/vm/prims/jni.cpp, line 709]
Event: 0.789 Thread 0x00007fe074814000 Exception <a 'sun/nio/fs/UnixException'> (0x0000000795dedb80) thrown at [/Users/java_re/workspace/8-2-build-macosx-x86_64/jdk8u121/8372/hotspot/src/share/vm/prims/jni.cpp, line 709]
Event: 0.789 Thread 0x00007fe074814000 Exception <a 'sun/nio/fs/UnixException'> (0x0000000795dee3f0) thrown at [/Users/java_re/workspace/8-2-build-macosx-x86_64/jdk8u121/8372/hotspot/src/share/vm/prims/jni.cpp, line 709]
Event: 0.789 Thread 0x00007fe074814000 Exception <a 'sun/nio/fs/UnixException'> (0x0000000795deec78) thrown at [/Users/java_re/workspace/8-2-build-macosx-x86_64/jdk8u121/8372/hotspot/src/share/vm/prims/jni.cpp, line 709]
Event: 0.789 Thread 0x00007fe074814000 Exception <a 'sun/nio/fs/UnixException'> (0x0000000795def508) thrown at [/Users/java_re/workspace/8-2-build-macosx-x86_64/jdk8u121/8372/hotspot/src/share/vm/prims/jni.cpp, line 709]
Event: 0.789 Thread 0x00007fe074814000 Exception <a 'sun/nio/fs/UnixException'> (0x0000000795defc68) thrown at [/Users/java_re/workspace/8-2-build-macosx-x86_64/jdk8u121/8372/hotspot/src/share/vm/prims/jni.cpp, line 709]
Event: 0.789 Thread 0x00007fe074814000 Exception <a 'sun/nio/fs/UnixException'> (0x0000000795df02e0) thrown at [/Users/java_re/workspace/8-2-build-macosx-x86_64/jdk8u121/8372/hotspot/src/share/vm/prims/jni.cpp, line 709]

Events (10 events):
Event: 0.955 loading class org/lwjgl/opengl/GL$4
Event: 0.955 loading class org/lwjgl/opengl/GL$4 done
Event: 0.956 loading class org/lwjgl/system/macosx/CoreFoundation
Event: 0.956 loading class org/lwjgl/system/macosx/CoreFoundation done
Event: 0.960 loading class org/lwjgl/opengl/GL$3
Event: 0.960 loading class org/lwjgl/opengl/GL$3 done
Event: 0.962 loading class org/lwjgl/opengl/GL$SharedLibraryGL
Event: 0.962 loading class org/lwjgl/opengl/GL$SharedLibraryGL done
Event: 0.962 loading class org/lwjgl/system/SharedLibrary$Delegate
Event: 0.962 loading class org/lwjgl/system/SharedLibrary$Delegate done


Dynamic libraries:
0x00000000078d3000 	/System/Library/Frameworks/Cocoa.framework/Versions/A/Cocoa
0x00000000078d3000 	/System/Library/Frameworks/Security.framework/Versions/A/Security
0x00000000078d3000 	/System/Library/Frameworks/ApplicationServices.framework/Versions/A/ApplicationServices
0x00000000078d3000 	/usr/lib/libz.1.dylib
0x00000000078d3000 	/usr/lib/libSystem.B.dylib
0x00000000078d3000 	/usr/lib/libobjc.A.dylib
0x00000000078d3000 	/System/Library/Frameworks/CoreFoundation.framework/Versions/A/CoreFoundation
0x00000000078d3000 	/System/Library/Frameworks/Foundation.framework/Versions/C/Foundation
0x00000000078d3000 	/System/Library/Frameworks/AppKit.framework/Versions/C/AppKit
0x00000000078d3000 	/System/Library/Frameworks/CoreData.framework/Versions/A/CoreData
0x00000000078d3000 	/System/Library/PrivateFrameworks/RemoteViewServices.framework/Versions/A/RemoteViewServices
0x00000000078d3000 	/System/Library/PrivateFrameworks/UIFoundation.framework/Versions/A/UIFoundation
0x00000000078d3000 	/usr/lib/libScreenReader.dylib
0x00000000078d3000 	/System/Library/Frameworks/Accelerate.framework/Versions/A/Accelerate
0x00000000078d3000 	/System/Library/Frameworks/IOSurface.framework/Versions/A/IOSurface
0x00000000078d3000 	/System/Library/Frameworks/AudioToolbox.framework/Versions/A/AudioToolbox
0x00000000078d3000 	/System/Library/Frameworks/AudioUnit.framework/Versions/A/AudioUnit
0x00000000078d3000 	/System/Library/PrivateFrameworks/DataDetectorsCore.framework/Versions/A/DataDetectorsCore
0x00000000078d3000 	/System/Library/PrivateFrameworks/DesktopServicesPriv.framework/Versions/A/DesktopServicesPriv
0x00000000078d3000 	/System/Library/Frameworks/Carbon.framework/Versions/A/Frameworks/HIToolbox.framework/Versions/A/HIToolbox
0x00000000078d3000 	/System/Library/Frameworks/QuartzCore.framework/Versions/A/QuartzCore
0x00000000078d3000 	/System/Library/Frameworks/Carbon.framework/Versions/A/Frameworks/SpeechRecognition.framework/Versions/A/SpeechRecognition
0x00000000078d3000 	/usr/lib/libauto.dylib
0x00000000078d3000 	/usr/lib/libicucore.A.dylib
0x00000000078d3000 	/usr/lib/libxml2.2.dylib
0x00000000078d3000 	/System/Library/PrivateFrameworks/CoreUI.framework/Versions/A/CoreUI
0x00000000078d3000 	/System/Library/Frameworks/CoreAudio.framework/Versions/A/CoreAudio
0x00000000078d3000 	/System/Library/Frameworks/DiskArbitration.framework/Versions/A/DiskArbitration
0x00000000078d3000 	/usr/lib/liblangid.dylib
0x00000000078d3000 	/System/Library/PrivateFrameworks/MultitouchSupport.framework/Versions/A/MultitouchSupport
0x00000000078d3000 	/System/Library/Frameworks/IOKit.framework/Versions/A/IOKit
0x00000000078d3000 	/usr/lib/libDiagnosticMessagesClient.dylib
0x00000000078d3000 	/System/Library/Frameworks/CoreServices.framework/Versions/A/CoreServices
0x00000000078d3000 	/System/Library/PrivateFrameworks/PerformanceAnalysis.framework/Versions/A/PerformanceAnalysis
0x00000000078d3000 	/System/Library/PrivateFrameworks/GenerationalStorage.framework/Versions/A/GenerationalStorage
0x00000000078d3000 	/System/Library/Frameworks/OpenGL.framework/Versions/A/OpenGL
0x00000000078d3000 	/System/Library/PrivateFrameworks/Sharing.framework/Versions/A/Sharing
0x00000000078d3000 	/System/Library/Frameworks/CoreGraphics.framework/Versions/A/CoreGraphics
0x00000000078d3000 	/System/Library/Frameworks/CoreImage.framework/Versions/A/CoreImage
0x00000000078d3000 	/System/Library/Frameworks/CoreText.framework/Versions/A/CoreText
0x00000000078d3000 	/System/Library/Frameworks/ImageIO.framework/Versions/A/ImageIO
0x00000000078d3000 	/System/Library/PrivateFrameworks/Backup.framework/Versions/A/Backup
0x00000000078d3000 	/usr/lib/libextension.dylib
0x00000000078d3000 	/usr/lib/libarchive.2.dylib
0x00000000078d3000 	/System/Library/Frameworks/CFNetwork.framework/Versions/A/CFNetwork
0x00000000078d3000 	/System/Library/Frameworks/SystemConfiguration.framework/Versions/A/SystemConfiguration
0x00000000078d3000 	/usr/lib/libCRFSuite.dylib
0x00000000078d3000 	/usr/lib/libc++.1.dylib
0x00000000078d3000 	/usr/lib/libc++abi.dylib
0x00000000078d3000 	/usr/lib/system/libcache.dylib
0x00000000078d3000 	/usr/lib/system/libcommonCrypto.dylib
0x00000000078d3000 	/usr/lib/system/libcompiler_rt.dylib
0x00000000078d3000 	/usr/lib/system/libcopyfile.dylib
0x00000000078d3000 	/usr/lib/system/libcorecrypto.dylib
0x00000000078d3000 	/usr/lib/system/libdispatch.dylib
0x00000000078d3000 	/usr/lib/system/libdyld.dylib
0x00000000078d3000 	/usr/lib/system/libkeymgr.dylib
0x00000000078d3000 	/usr/lib/system/liblaunch.dylib
0x00000000078d3000 	/usr/lib/system/libmacho.dylib
0x00000000078d3000 	/usr/lib/system/libquarantine.dylib
0x00000000078d3000 	/usr/lib/system/libremovefile.dylib
0x00000000078d3000 	/usr/lib/system/libsystem_asl.dylib
0x00000000078d3000 	/usr/lib/system/libsystem_blocks.dylib
0x00000000078d3000 	/usr/lib/system/libsystem_c.dylib
0x00000000078d3000 	/usr/lib/system/libsystem_configuration.dylib
0x00000000078d3000 	/usr/lib/system/libsystem_coreservices.dylib
0x00000000078d3000 	/usr/lib/system/libsystem_coretls.dylib
0x00000000078d3000 	/usr/lib/system/libsystem_dnssd.dylib
0x00000000078d3000 	/usr/lib/system/libsystem_info.dylib
0x00000000078d3000 	/usr/lib/system/libsystem_kernel.dylib
0x00000000078d3000 	/usr/lib/system/libsystem_m.dylib
0x00000000078d3000 	/usr/lib/system/libsystem_malloc.dylib
0x00000000078d3000 	/usr/lib/system/libsystem_network.dylib
0x00000000078d3000 	/usr/lib/system/libsystem_networkextension.dylib
0x00000000078d3000 	/usr/lib/system/libsystem_notify.dylib
0x00000000078d3000 	/usr/lib/system/libsystem_platform.dylib
0x00000000078d3000 	/usr/lib/system/libsystem_pthread.dylib
0x00000000078d3000 	/usr/lib/system/libsystem_sandbox.dylib
0x00000000078d3000 	/usr/lib/system/libsystem_secinit.dylib
0x00000000078d3000 	/usr/lib/system/libsystem_trace.dylib
0x00000000078d3000 	/usr/lib/system/libunc.dylib
0x00000000078d3000 	/usr/lib/system/libunwind.dylib
0x00000000078d3000 	/usr/lib/system/libxpc.dylib
0x00000000078d3000 	/usr/lib/libenergytrace.dylib
0x00000000078d3000 	/usr/lib/libbsm.0.dylib
0x00000000078d3000 	/usr/lib/system/libkxld.dylib
0x00000000078d3000 	/usr/lib/libxar.1.dylib
0x00000000078d3000 	/usr/lib/libsqlite3.dylib
0x00000000078d3000 	/usr/lib/libpam.2.dylib
0x00000000078d3000 	/usr/lib/libOpenScriptingUtil.dylib
0x00000000078d3000 	/usr/lib/libbz2.1.0.dylib
0x00000000078d3000 	/usr/lib/liblzma.5.dylib
0x00000000078d3000 	/System/Library/Frameworks/CoreServices.framework/Versions/A/Frameworks/FSEvents.framework/Versions/A/FSEvents
0x00000000078d3000 	/System/Library/Frameworks/CoreServices.framework/Versions/A/Frameworks/CarbonCore.framework/Versions/A/CarbonCore
0x00000000078d3000 	/System/Library/Frameworks/CoreServices.framework/Versions/A/Frameworks/Metadata.framework/Versions/A/Metadata
0x00000000078d3000 	/System/Library/Frameworks/CoreServices.framework/Versions/A/Frameworks/OSServices.framework/Versions/A/OSServices
0x00000000078d3000 	/System/Library/Frameworks/CoreServices.framework/Versions/A/Frameworks/SearchKit.framework/Versions/A/SearchKit
0x00000000078d3000 	/System/Library/Frameworks/CoreServices.framework/Versions/A/Frameworks/AE.framework/Versions/A/AE
0x00000000078d3000 	/System/Library/Frameworks/CoreServices.framework/Versions/A/Frameworks/LaunchServices.framework/Versions/A/LaunchServices
0x00000000078d3000 	/System/Library/Frameworks/CoreServices.framework/Versions/A/Frameworks/DictionaryServices.framework/Versions/A/DictionaryServices
0x00000000078d3000 	/System/Library/Frameworks/CoreServices.framework/Versions/A/Frameworks/SharedFileList.framework/Versions/A/SharedFileList
0x00000000078d3000 	/System/Library/Frameworks/NetFS.framework/Versions/A/NetFS
0x00000000078d3000 	/System/Library/PrivateFrameworks/NetAuth.framework/Versions/A/NetAuth
0x00000000078d3000 	/System/Library/PrivateFrameworks/login.framework/Versions/A/Frameworks/loginsupport.framework/Versions/A/loginsupport
0x00000000078d3000 	/System/Library/PrivateFrameworks/TCC.framework/Versions/A/TCC
0x00000000078d3000 	/usr/lib/libmecabra.dylib
0x00000000078d3000 	/System/Library/Frameworks/ApplicationServices.framework/Versions/A/Frameworks/ATS.framework/Versions/A/ATS
0x00000000078d3000 	/System/Library/Frameworks/ApplicationServices.framework/Versions/A/Frameworks/ColorSync.framework/Versions/A/ColorSync
0x00000000078d3000 	/System/Library/Frameworks/ApplicationServices.framework/Versions/A/Frameworks/HIServices.framework/Versions/A/HIServices
0x00000000078d3000 	/System/Library/Frameworks/ApplicationServices.framework/Versions/A/Frameworks/LangAnalysis.framework/Versions/A/LangAnalysis
0x00000000078d3000 	/System/Library/Frameworks/ApplicationServices.framework/Versions/A/Frameworks/PrintCore.framework/Versions/A/PrintCore
0x00000000078d3000 	/System/Library/Frameworks/ApplicationServices.framework/Versions/A/Frameworks/QD.framework/Versions/A/QD
0x00000000078d3000 	/System/Library/Frameworks/ApplicationServices.framework/Versions/A/Frameworks/SpeechSynthesis.framework/Versions/A/SpeechSynthesis
0x00000000078d3000 	/System/Library/Frameworks/Metal.framework/Versions/A/Metal
0x00000000078d3000 	/System/Library/Frameworks/Accelerate.framework/Versions/A/Frameworks/vImage.framework/Versions/A/vImage
0x00000000078d3000 	/System/Library/Frameworks/Accelerate.framework/Versions/A/Frameworks/vecLib.framework/Versions/A/vecLib
0x00000000078d3000 	/System/Library/Frameworks/Accelerate.framework/Versions/A/Frameworks/vecLib.framework/Versions/A/libvDSP.dylib
0x00000000078d3000 	/System/Library/Frameworks/Accelerate.framework/Versions/A/Frameworks/vecLib.framework/Versions/A/libvMisc.dylib
0x00000000078d3000 	/System/Library/Frameworks/Accelerate.framework/Versions/A/Frameworks/vecLib.framework/Versions/A/libLAPACK.dylib
0x00000000078d3000 	/System/Library/Frameworks/Accelerate.framework/Versions/A/Frameworks/vecLib.framework/Versions/A/libBLAS.dylib
0x00000000078d3000 	/System/Library/Frameworks/Accelerate.framework/Versions/A/Frameworks/vecLib.framework/Versions/A/libLinearAlgebra.dylib
0x00000000078d3000 	/System/Library/Frameworks/Accelerate.framework/Versions/A/Frameworks/vecLib.framework/Versions/A/libSparseBLAS.dylib
0x00000000078d3000 	/System/Library/PrivateFrameworks/GPUCompiler.framework/libmetal_timestamp.dylib
0x00000000078d3000 	/System/Library/Frameworks/OpenGL.framework/Versions/A/Libraries/libCoreFSCache.dylib
0x00000000078d3000 	/System/Library/PrivateFrameworks/IOAccelerator.framework/Versions/A/IOAccelerator
0x00000000078d3000 	/System/Library/Frameworks/ApplicationServices.framework/Versions/A/Frameworks/ATS.framework/Versions/A/Resources/libFontParser.dylib
0x00000000078d3000 	/System/Library/Frameworks/ApplicationServices.framework/Versions/A/Frameworks/ATS.framework/Versions/A/Resources/libFontRegistry.dylib
0x00000000078d3000 	/System/Library/PrivateFrameworks/AppleVPA.framework/Versions/A/AppleVPA
0x00000000078d3000 	/System/Library/PrivateFrameworks/AppleJPEG.framework/Versions/A/AppleJPEG
0x00000000078d3000 	/System/Library/Frameworks/ImageIO.framework/Versions/A/Resources/libJPEG.dylib
0x00000000078d3000 	/System/Library/Frameworks/ImageIO.framework/Versions/A/Resources/libTIFF.dylib
0x00000000078d3000 	/System/Library/Frameworks/ImageIO.framework/Versions/A/Resources/libPng.dylib
0x00000000078d3000 	/System/Library/Frameworks/ImageIO.framework/Versions/A/Resources/libGIF.dylib
0x00000000078d3000 	/System/Library/Frameworks/ImageIO.framework/Versions/A/Resources/libJP2.dylib
0x00000000078d3000 	/System/Library/Frameworks/ImageIO.framework/Versions/A/Resources/libRadiance.dylib
0x00000000078d3000 	/System/Library/Frameworks/CoreVideo.framework/Versions/A/CoreVideo
0x00000000078d3000 	/System/Library/Frameworks/OpenGL.framework/Versions/A/Libraries/libGLU.dylib
0x00000000078d3000 	/System/Library/Frameworks/OpenGL.framework/Versions/A/Libraries/libGFXShared.dylib
0x00000000078d3000 	/System/Library/Frameworks/OpenGL.framework/Versions/A/Libraries/libGL.dylib
0x00000000078d3000 	/System/Library/Frameworks/OpenGL.framework/Versions/A/Libraries/libGLImage.dylib
0x00000000078d3000 	/System/Library/Frameworks/OpenGL.framework/Versions/A/Libraries/libCVMSPluginSupport.dylib
0x00000000078d3000 	/System/Library/Frameworks/OpenGL.framework/Versions/A/Libraries/libCoreVMClient.dylib
0x00000000078d3000 	/usr/lib/libcompression.dylib
0x00000000078d3000 	/usr/lib/libcups.2.dylib
0x00000000078d3000 	/System/Library/Frameworks/Kerberos.framework/Versions/A/Kerberos
0x00000000078d3000 	/System/Library/Frameworks/GSS.framework/Versions/A/GSS
0x00000000078d3000 	/usr/lib/libresolv.9.dylib
0x00000000078d3000 	/usr/lib/libiconv.2.dylib
0x00000000078d3000 	/System/Library/PrivateFrameworks/Heimdal.framework/Versions/A/Heimdal
0x00000000078d3000 	/usr/lib/libheimdal-asn1.dylib
0x00000000078d3000 	/System/Library/Frameworks/OpenDirectory.framework/Versions/A/OpenDirectory
0x00000000078d3000 	/System/Library/PrivateFrameworks/CommonAuth.framework/Versions/A/CommonAuth
0x00000000078d3000 	/System/Library/Frameworks/OpenDirectory.framework/Versions/A/Frameworks/CFOpenDirectory.framework/Versions/A/CFOpenDirectory
0x00000000078d3000 	/System/Library/Frameworks/SecurityFoundation.framework/Versions/A/SecurityFoundation
0x00000000078d3000 	/System/Library/PrivateFrameworks/LanguageModeling.framework/Versions/A/LanguageModeling
0x00000000078d3000 	/usr/lib/libmarisa.dylib
0x00000000078d3000 	/usr/lib/libChineseTokenizer.dylib
0x00000000078d3000 	/usr/lib/libcmph.dylib
0x00000000078d3000 	/System/Library/Frameworks/ServiceManagement.framework/Versions/A/ServiceManagement
0x00000000078d3000 	/usr/lib/libxslt.1.dylib
0x00000000078d3000 	/System/Library/Frameworks/Carbon.framework/Versions/A/Frameworks/Ink.framework/Versions/A/Ink
0x00000000078d3000 	/usr/lib/libFosl_dynamic.dylib
0x00000000078d3000 	/System/Library/PrivateFrameworks/FaceCore.framework/Versions/A/FaceCore
0x00000000078d3000 	/System/Library/Frameworks/OpenCL.framework/Versions/A/OpenCL
0x00000000078d3000 	/System/Library/PrivateFrameworks/CrashReporterSupport.framework/Versions/A/CrashReporterSupport
0x00000000078d3000 	/System/Library/PrivateFrameworks/IconServices.framework/Versions/A/IconServices
0x00000000078d3000 	/System/Library/PrivateFrameworks/Apple80211.framework/Versions/A/Apple80211
0x00000000078d3000 	/System/Library/Frameworks/CoreWLAN.framework/Versions/A/CoreWLAN
0x00000000078d3000 	/System/Library/Frameworks/IOBluetooth.framework/Versions/A/IOBluetooth
0x00000000078d3000 	/System/Library/PrivateFrameworks/CoreWiFi.framework/Versions/A/CoreWiFi
0x00000000078d3000 	/System/Library/Frameworks/CoreBluetooth.framework/Versions/A/CoreBluetooth
0x00000000078d3000 	/System/Library/PrivateFrameworks/ChunkingLibrary.framework/Versions/A/ChunkingLibrary
0x00000000078d3000 	/System/Library/PrivateFrameworks/DebugSymbols.framework/Versions/A/DebugSymbols
0x00000000078d3000 	/System/Library/PrivateFrameworks/CoreSymbolication.framework/Versions/A/CoreSymbolication
0x00000000078d3000 	/System/Library/PrivateFrameworks/Symbolication.framework/Versions/A/Symbolication
0x00000000078d3000 	/System/Library/PrivateFrameworks/SpeechRecognitionCore.framework/Versions/A/SpeechRecognitionCore
0x000000010c9bc000 	/Library/Java/JavaVirtualMachines/jdk1.8.0_121.jdk/Contents/Home/jre/lib/server/libjvm.dylib
0x00000000078d3000 	/usr/lib/libstdc++.6.dylib
0x000000010d963000 	/Library/Java/JavaVirtualMachines/jdk1.8.0_121.jdk/Contents/Home/jre/lib/libverify.dylib
0x000000010d971000 	/Library/Java/JavaVirtualMachines/jdk1.8.0_121.jdk/Contents/Home/jre/lib/libjava.dylib
0x000000010d9af000 	/Library/Java/JavaVirtualMachines/jdk1.8.0_121.jdk/Contents/Home/jre/lib/libzip.dylib
0x000000010d9e1000 	/System/Library/Frameworks/JavaVM.framework/Frameworks/JavaRuntimeSupport.framework/JavaRuntimeSupport
0x0000000123b3b000 	/System/Library/Frameworks/JavaVM.framework/Versions/A/Frameworks/JavaNativeFoundation.framework/Versions/A/JavaNativeFoundation
0x0000000123b50000 	/System/Library/Frameworks/JavaVM.framework/Versions/A/JavaVM
0x00000000078d3000 	/System/Library/Frameworks/Carbon.framework/Versions/A/Carbon
0x0000000123b5d000 	/System/Library/PrivateFrameworks/JavaLaunching.framework/Versions/A/JavaLaunching
0x00000000078d3000 	/System/Library/Frameworks/Carbon.framework/Versions/A/Frameworks/CommonPanels.framework/Versions/A/CommonPanels
0x00000000078d3000 	/System/Library/Frameworks/Carbon.framework/Versions/A/Frameworks/Help.framework/Versions/A/Help
0x00000000078d3000 	/System/Library/Frameworks/Carbon.framework/Versions/A/Frameworks/ImageCapture.framework/Versions/A/ImageCapture
0x00000000078d3000 	/System/Library/Frameworks/Carbon.framework/Versions/A/Frameworks/OpenScripting.framework/Versions/A/OpenScripting
0x00000000078d3000 	/System/Library/Frameworks/Carbon.framework/Versions/A/Frameworks/Print.framework/Versions/A/Print
0x00000000078d3000 	/System/Library/Frameworks/Carbon.framework/Versions/A/Frameworks/SecurityHI.framework/Versions/A/SecurityHI
0x0000000125705000 	/Applications/IntelliJ IDEA CE.app/Contents/bin/libbreakgen64.jnilib
0x0000000125708000 	/Library/Java/JavaVirtualMachines/jdk1.8.0_121.jdk/Contents/Home/jre/lib/libnet.dylib
0x0000000125767000 	/Library/Java/JavaVirtualMachines/jdk1.8.0_121.jdk/Contents/Home/jre/lib/libnio.dylib
0x0000000125777000 	/private/var/folders/_5/zsljf9qn0sn_rf0t5tr_j74h0000gn/T/lwjglwilliamallen/3.1.2-build-13/liblwjgl.dylib
0x000000012579d000 	/var/folders/_5/zsljf9qn0sn_rf0t5tr_j74h0000gn/T/lwjglwilliamallen/3.1.2-build-13/libglfw.dylib
0x0000000126908000 	/var/folders/_5/zsljf9qn0sn_rf0t5tr_j74h0000gn/T/lwjglwilliamallen/3.1.2-build-13/libjemalloc.dylib
0x00000000078d3000 	/System/Library/PrivateFrameworks/CoreServicesInternal.framework/Versions/A/CoreServicesInternal
0x00000000078d3000 	/System/Library/PrivateFrameworks/FamilyControls.framework/Versions/A/FamilyControls
0x00000000078d3000 	/System/Library/PrivateFrameworks/CommerceKit.framework/Versions/A/Frameworks/CommerceCore.framework/Versions/A/CommerceCore
0x00000000078d3000 	/System/Library/PrivateFrameworks/SystemAdministration.framework/Versions/A/SystemAdministration
0x00000000078d3000 	/System/Library/PrivateFrameworks/AppContainer.framework/Versions/A/AppContainer
0x00000000078d3000 	/System/Library/PrivateFrameworks/SecCodeWrapper.framework/Versions/A/SecCodeWrapper
0x00000000078d3000 	/System/Library/Frameworks/DirectoryService.framework/Versions/A/DirectoryService
0x00000000078d3000 	/System/Library/PrivateFrameworks/DiskImages.framework/Versions/A/DiskImages
0x00000000078d3000 	/System/Library/PrivateFrameworks/LoginUIKit.framework/Versions/A/Frameworks/LoginUICore.framework/Versions/A/LoginUICore
0x00000000078d3000 	/usr/lib/libCoreStorage.dylib
0x00000000078d3000 	/usr/lib/libcsfde.dylib
0x00000000078d3000 	/usr/lib/libodfde.dylib
0x00000000078d3000 	/System/Library/Frameworks/DiscRecording.framework/Versions/A/DiscRecording
0x00000000078d3000 	/usr/lib/libcurl.4.dylib
0x00000000078d3000 	/System/Library/PrivateFrameworks/MediaKit.framework/Versions/A/MediaKit
0x00000000078d3000 	/System/Library/PrivateFrameworks/ProtectedCloudStorage.framework/Versions/A/ProtectedCloudStorage
0x00000000078d3000 	/System/Library/PrivateFrameworks/EFILogin.framework/Versions/A/EFILogin
0x00000000078d3000 	/usr/lib/libutil.dylib
0x00000000078d3000 	/System/Library/PrivateFrameworks/FindMyDevice.framework/Versions/A/FindMyDevice
0x00000000078d3000 	/System/Library/Frameworks/LDAP.framework/Versions/A/LDAP
0x00000000078d3000 	/usr/lib/libsasl2.2.dylib
0x00000000078d3000 	/System/Library/PrivateFrameworks/CoreDaemon.framework/Versions/B/CoreDaemon
0x00000000078d3000 	/usr/lib/libcrypto.0.9.8.dylib
0x00000000078d3000 	/System/Library/PrivateFrameworks/AppleSRP.framework/Versions/A/AppleSRP
0x00000000078d3000 	/System/Library/PrivateFrameworks/TrustEvaluationAgent.framework/Versions/A/TrustEvaluationAgent
0x00000000078d3000 	/System/Library/Frameworks/CoreGraphics.framework/Versions/A/Resources/libCGXType.A.dylib
0x00000000078d3000 	/System/Library/Frameworks/OpenGL.framework/Versions/A/Resources/GLEngine.bundle/GLEngine
0x00000000078d3000 	/System/Library/Frameworks/OpenGL.framework/Versions/A/Libraries/libGLProgrammability.dylib
0x0000000127767000 	/System/Library/Extensions/AppleIntelBDWGraphicsGLDriver.bundle/Contents/MacOS/AppleIntelBDWGraphicsGLDriver
0x00000000078d3000 	/System/Library/PrivateFrameworks/GPUSupport.framework/Versions/A/Libraries/libGPUSupportMercury.dylib
0x00000000078d3000 	/System/Library/Frameworks/OpenGL.framework/Versions/A/Resources/GLRendererFloat.bundle/GLRendererFloat
0x00000000078d3000 	/System/Library/Frameworks/OpenCL.framework/Versions/A/Libraries/libcldcpuengine.dylib
0x0000000128905000 	/private/var/folders/_5/zsljf9qn0sn_rf0t5tr_j74h0000gn/T/lwjglwilliamallen/3.1.2-build-13/liblwjgl_opengl.dylib

VM Arguments:
jvm_args: -Didea.launcher.port=7534 -Didea.launcher.bin.path=/Applications/IntelliJ IDEA CE.app/Contents/bin -Dfile.encoding=UTF-8 
java_command: com.intellij.rt.execution.application.AppMain engine.Main
java_class_path (initial): /Library/Java/JavaVirtualMachines/jdk1.8.0_121.jdk/Contents/Home/jre/lib/charsets.jar:/Library/Java/JavaVirtualMachines/jdk1.8.0_121.jdk/Contents/Home/jre/lib/deploy.jar:/Library/Java/JavaVirtualMachines/jdk1.8.0_121.jdk/Contents/Home/jre/lib/ext/cldrdata.jar:/Library/Java/JavaVirtualMachines/jdk1.8.0_121.jdk/Contents/Home/jre/lib/ext/dnsns.jar:/Library/Java/JavaVirtualMachines/jdk1.8.0_121.jdk/Contents/Home/jre/lib/ext/jaccess.jar:/Library/Java/JavaVirtualMachines/jdk1.8.0_121.jdk/Contents/Home/jre/lib/ext/jfxrt.jar:/Library/Java/JavaVirtualMachines/jdk1.8.0_121.jdk/Contents/Home/jre/lib/ext/localedata.jar:/Library/Java/JavaVirtualMachines/jdk1.8.0_121.jdk/Contents/Home/jre/lib/ext/nashorn.jar:/Library/Java/JavaVirtualMachines/jdk1.8.0_121.jdk/Contents/Home/jre/lib/ext/sunec.jar:/Library/Java/JavaVirtualMachines/jdk1.8.0_121.jdk/Contents/Home/jre/lib/ext/sunjce_provider.jar:/Library/Java/JavaVirtualMachines/jdk1.8.0_121.jdk/Contents/Home/jre/lib/ext/sunpkcs11.jar:/Library/Java/JavaVirtualMachines/jdk1.8.0_121.jdk/Contents/Home/jre/lib/ext/zipfs.jar:/Library/Java/JavaVirtualMachines/jdk1.8.0_121.jdk/Contents/Home/jre/lib/javaws.jar:/Library/Java/JavaVirtualMachines/jdk1.8.0_121.jdk/Contents/Home/jre/lib/jce.jar:/Library/Java/JavaVirtualMachines/jdk1.8.0_121.jdk/Contents/Home/jre/lib/jfr.jar:/Library/Java/JavaVirtualMachines/jdk1.8.0_121.jdk/Contents/Home/jre/lib/jfxswt.jar:/Library/Java/JavaVirtualMachines/jdk1.8.0_121.jdk/Contents/Home/jre/lib/jsse.jar:/Library/Java/JavaVirtualMachines/jdk1.8.0_121.jdk/Contents/Home/jre/lib/management-agent.jar:/Library/Java/JavaVirtualMachines/jdk1.8.0_121.jdk/Contents/Home/jre/lib/plugin.jar:/Library/Java/JavaVirtualMachines/jdk1.8.0_121.jdk/Contents/Home/jre/lib/resources.jar:/Library/Java/JavaVirtualMachines/jdk1.8.0_121.jdk/Contents/Home/jre/lib/rt.jar:/Library/Java/JavaVirtualMachines/jdk1.8.0_121.jdk/Contents/Home/lib/ant-javafx.jar:/Library/Java/JavaVirtualMachines/jdk1.8.0_121.jdk/Contents/Home
Launcher Type: SUN_STANDARD

Environment Variables:
PATH=/Library/Frameworks/Python.framework/Versions/3.5/bin:/usr/local/bin:/usr/bin:/bin:/usr/sbin:/sbin:/opt/X11/bin
SHELL=/bin/bash
DISPLAY=/private/tmp/com.apple.launchd.PTRY7Y3PW8/org.macosforge.xquartz:0

Signal Handlers:
SIGSEGV: [libjvm.dylib+0x5b1141], sa_mask[0]=11111111011111110111111111111111, sa_flags=SA_ONSTACK|SA_RESTART|SA_SIGINFO
SIGBUS: [libjvm.dylib+0x5b1141], sa_mask[0]=11111111011111110111111111111111, sa_flags=SA_RESTART|SA_SIGINFO
SIGFPE: [libjvm.dylib+0x487bc4], sa_mask[0]=11111111011111110111111111111111, sa_flags=SA_RESTART|SA_SIGINFO
SIGPIPE: [libjvm.dylib+0x487bc4], sa_mask[0]=11111111011111110111111111111111, sa_flags=SA_RESTART|SA_SIGINFO
SIGXFSZ: [libjvm.dylib+0x487bc4], sa_mask[0]=11111111011111110111111111111111, sa_flags=SA_RESTART|SA_SIGINFO
SIGILL: [libjvm.dylib+0x487bc4], sa_mask[0]=11111111011111110111111111111111, sa_flags=SA_RESTART|SA_SIGINFO
SIGUSR1: SIG_DFL, sa_mask[0]=00000000000000000000000000000000, sa_flags=none
SIGUSR2: [libjvm.dylib+0x4876e2], sa_mask[0]=00100000000000000000000000000000, sa_flags=SA_RESTART|SA_SIGINFO
SIGHUP: [libjvm.dylib+0x485cb9], sa_mask[0]=11111111011111110111111111111111, sa_flags=SA_RESTART|SA_SIGINFO
SIGINT: [libjvm.dylib+0x485cb9], sa_mask[0]=11111111011111110111111111111111, sa_flags=SA_RESTART|SA_SIGINFO
SIGTERM: [libjvm.dylib+0x485cb9], sa_mask[0]=11111111011111110111111111111111, sa_flags=SA_RESTART|SA_SIGINFO
SIGQUIT: [libjvm.dylib+0x485cb9], sa_mask[0]=11111111011111110111111111111111, sa_flags=SA_RESTART|SA_SIGINFO


---------------  S Y S T E M  ---------------

OS:Bsduname:Darwin 15.6.0 Darwin Kernel Version 15.6.0: Thu Jun 23 18:25:34 PDT 2016; root:xnu-3248.60.10~1/RELEASE_X86_64 x86_64
rlimit: STACK 8192k, CORE 0k, NPROC 709, NOFILE 10240, AS infinity
load average:1.73 2.02 2.00

CPU:total 4 (2 cores per cpu, 2 threads per core) family 6 model 61 stepping 4, cmov, cx8, fxsr, mmx, sse, sse2, sse3, ssse3, sse4.1, sse4.2, popcnt, avx, avx2, aes, clmul, erms, 3dnowpref, lzcnt, ht, tsc, tscinvbit, bmi1, bmi2, adx

Memory: 4k page, physical 8388608k(152564k free)

/proc/meminfo:


vm_info: Java HotSpot(TM) 64-Bit Server VM (25.121-b13) for bsd-amd64 JRE (1.8.0_121-b13), built on Dec 12 2016 20:39:32 by "java_re" with gcc 4.2.1 (Based on Apple Inc. build 5658) (LLVM build 2336.11.00)

time: Wed Apr  5 15:42:46 2017
elapsed time: 1 seconds (0d 0h 0m 1s)

